<?xml version="1.0" encoding="UTF-8"?>
<testng-results skipped="0" failed="1" ignored="0" total="2" passed="1">
  <reporter-output>
  </reporter-output>
  <suite name="Default suite" duration-ms="21684" started-at="2020-11-15T10:33:31Z" finished-at="2020-11-15T10:33:53Z">
    <groups>
    </groups>
    <test name="Default test" duration-ms="21684" started-at="2020-11-15T10:33:31Z" finished-at="2020-11-15T10:33:53Z">
      <class name="homePage">
        <test-method status="PASS" signature="setup()[pri:0, instance:homePage@598067a5]" name="setup" is-config="true" duration-ms="17517" started-at="2020-11-15T10:33:31Z" finished-at="2020-11-15T10:33:49Z">
          <reporter-output>
          </reporter-output>
        </test-method> <!-- setup -->
        <test-method status="PASS" signature="main()[pri:0, instance:homePage@598067a5]" name="main" duration-ms="755" started-at="2020-11-15T10:33:49Z" finished-at="2020-11-15T10:33:50Z">
          <reporter-output>
          </reporter-output>
        </test-method> <!-- main -->
        <test-method status="FAIL" signature="data(java.lang.String)[pri:0, instance:homePage@598067a5]" name="data" duration-ms="3047" started-at="2020-11-15T10:33:50Z" data-provider="getdata" depends-on-methods="homePage.main" finished-at="2020-11-15T10:33:53Z">
          <params>
            <param index="0">
              <value>
                <![CDATA[Wheat]]>
              </value>
            </param>
          </params>
          <exception class="java.lang.AssertionError">
            <message>
              <![CDATA[expected [GREENKART] but found [blukart]]]>
            </message>
            <full-stacktrace>
              <![CDATA[java.lang.AssertionError: expected [GREENKART] but found [blukart]
at org.testng.Assert.fail(Assert.java:96)
at org.testng.Assert.failNotEquals(Assert.java:776)
at org.testng.Assert.assertEqualsImpl(Assert.java:137)
at org.testng.Assert.assertEquals(Assert.java:118)
at org.testng.Assert.assertEquals(Assert.java:453)
at org.testng.Assert.assertEquals(Assert.java:463)
at homePage.data(homePage.java:36)
at sun.reflect.NativeMethodAccessorImpl.invoke0(Native Method)
at sun.reflect.NativeMethodAccessorImpl.invoke(Unknown Source)
at sun.reflect.DelegatingMethodAccessorImpl.invoke(Unknown Source)
at java.lang.reflect.Method.invoke(Unknown Source)
at org.testng.internal.MethodInvocationHelper.invokeMethod(MethodInvocationHelper.java:124)
at org.testng.internal.Invoker.invokeMethod(Invoker.java:583)
at org.testng.internal.Invoker.invokeTestMethod(Invoker.java:719)
at org.testng.internal.Invoker.invokeTestMethods(Invoker.java:989)
at org.testng.internal.TestMethodWorker.invokeTestMethods(TestMethodWorker.java:125)
at org.testng.internal.TestMethodWorker.run(TestMethodWorker.java:109)
at org.testng.TestRunner.privateRun(TestRunner.java:648)
at org.testng.TestRunner.run(TestRunner.java:505)
at org.testng.SuiteRunner.runTest(SuiteRunner.java:455)
at org.testng.SuiteRunner.runSequentially(SuiteRunner.java:450)
at org.testng.SuiteRunner.privateRun(SuiteRunner.java:415)
at org.testng.SuiteRunner.run(SuiteRunner.java:364)
at org.testng.SuiteRunnerWorker.runSuite(SuiteRunnerWorker.java:52)
at org.testng.SuiteRunnerWorker.run(SuiteRunnerWorker.java:84)
at org.testng.TestNG.runSuitesSequentially(TestNG.java:1208)
at org.testng.TestNG.runSuitesLocally(TestNG.java:1137)
at org.testng.TestNG.runSuites(TestNG.java:1049)
at org.testng.TestNG.run(TestNG.java:1017)
at org.testng.remote.AbstractRemoteTestNG.run(AbstractRemoteTestNG.java:115)
at org.testng.remote.RemoteTestNG.initAndRun(RemoteTestNG.java:251)
at org.testng.remote.RemoteTestNG.main(RemoteTestNG.java:77)
]]>
            </full-stacktrace>
          </exception> <!-- java.lang.AssertionError -->
          <reporter-output>
          </reporter-output>
        </test-method> <!-- data -->
        <test-method status="PASS" signature="teardown()[pri:0, instance:homePage@598067a5]" name="teardown" is-config="true" duration-ms="119" started-at="2020-11-15T10:33:53Z" finished-at="2020-11-15T10:33:53Z">
          <reporter-output>
          </reporter-output>
        </test-method> <!-- teardown -->
      </class> <!-- homePage -->
    </test> <!-- Default test -->
  </suite> <!-- Default suite -->
</testng-results>
